[    0.000000] Initializing cgroup subsys cpuset
[    0.000000] Initializing cgroup subsys cpu
[    0.000000] Initializing cgroup subsys cpuacct
[    0.000000] Linux version 4.4.0-166-generic (buildd@lcy01-amd64-020) (gcc version 5.4.0 20160609 (Ubuntu 5.4.0-6ubuntu1~16.04.10) ) #195-Ubuntu SMP Tue Oct 1 09:35:25 UTC 2019 (Ubuntu 4.4.0-166.195-generic 4.4.194)
[    0.000000] Command line: BOOT_IMAGE=/boot/vmlinuz-4.4.0-166-generic root=LABEL=cloudimg-rootfs ro console=tty1 console=ttyS0
[    0.000000] KERNEL supported cpus:
[    0.000000]   Intel GenuineIntel
[    0.000000]   AMD AuthenticAMD
[    0.000000]   Centaur CentaurHauls
[    0.000000] x86/fpu: xstate_offset[2]:  576, xstate_sizes[2]:  256
[    0.000000] x86/fpu: Supporting XSAVE feature 0x01: 'x87 floating point registers'
[    0.000000] x86/fpu: Supporting XSAVE feature 0x02: 'SSE registers'
[    0.000000] x86/fpu: Supporting XSAVE feature 0x04: 'AVX registers'
[    0.000000] x86/fpu: Enabled xstate features 0x7, context size is 832 bytes, using 'standard' format.
[    0.000000] e820: BIOS-provided physical RAM map:
[    0.000000] BIOS-e820: [mem 0x0000000000000000-0x000000000009fbff] usable
[    0.000000] BIOS-e820: [mem 0x000000000009fc00-0x000000000009ffff] reserved
[    0.000000] BIOS-e820: [mem 0x00000000000f0000-0x00000000000fffff] reserved
[    0.000000] BIOS-e820: [mem 0x0000000000100000-0x000000001ffeffff] usable
[    0.000000] BIOS-e820: [mem 0x000000001fff0000-0x000000001fffffff] ACPI data
[    0.000000] BIOS-e820: [mem 0x00000000fec00000-0x00000000fec00fff] reserved
[    0.000000] BIOS-e820: [mem 0x00000000fee00000-0x00000000fee00fff] reserved
[    0.000000] BIOS-e820: [mem 0x00000000fffc0000-0x00000000ffffffff] reserved
[    0.000000] NX (Execute Disable) protection: active
[    0.000000] SMBIOS 2.5 present.
[    0.000000] Hypervisor detected: KVM
[    0.000000] e820: last_pfn = 0x1fff0 max_arch_pfn = 0x400000000
[    0.000000] MTRR: Disabled
[    0.000000] x86/PAT: MTRRs disabled, skipping PAT initialization too.
[    0.000000] CPU MTRRs all blank - virtualized system.
[    0.000000] x86/PAT: Configuration [0-7]: WB  WT  UC- UC  WB  WT  UC- UC  
[    0.000000] found SMP MP-table at [mem 0x0009fff0-0x0009ffff] mapped at [ffff88000009fff0]
[    0.000000] Scanning 1 areas for low memory corruption
[    0.000000] RAMDISK: [mem 0x1e8b7000-0x1f733fff]
[    0.000000] ACPI: Early table checksum verification disabled
[    0.000000] ACPI: RSDP 0x00000000000E0000 000024 (v02 VBOX  )
[    0.000000] ACPI: XSDT 0x000000001FFF0030 00003C (v01 VBOX   VBOXXSDT 00000001 ASL  00000061)
[    0.000000] ACPI: FACP 0x000000001FFF00F0 0000F4 (v04 VBOX   VBOXFACP 00000001 ASL  00000061)
[    0.000000] ACPI: DSDT 0x000000001FFF0470 0022EA (v02 VBOX   VBOXBIOS 00000002 INTL 20100528)
[    0.000000] ACPI: FACS 0x000000001FFF0200 000040
[    0.000000] ACPI: FACS 0x000000001FFF0200 000040
[    0.000000] ACPI: APIC 0x000000001FFF0240 000054 (v02 VBOX   VBOXAPIC 00000001 ASL  00000061)
[    0.000000] ACPI: SSDT 0x000000001FFF02A0 0001CC (v01 VBOX   VBOXCPUT 00000002 INTL 20100528)
[    0.000000] No NUMA configuration found
[    0.000000] Faking a node at [mem 0x0000000000000000-0x000000001ffeffff]
[    0.000000] NODE_DATA(0) allocated [mem 0x1ffeb000-0x1ffeffff]
[    0.000000] kvm-clock: Using msrs 4b564d01 and 4b564d00
[    0.000000] kvm-clock: cpu 0, msr 0:1ffe3001, primary cpu clock
[    0.000000] kvm-clock: using sched offset of 4059060220 cycles
[    0.000000] clocksource: kvm-clock: mask: 0xffffffffffffffff max_cycles: 0x1cd42e4dffb, max_idle_ns: 881590591483 ns
[    0.000000] Zone ranges:
[    0.000000]   DMA      [mem 0x0000000000001000-0x0000000000ffffff]
[    0.000000]   DMA32    [mem 0x0000000001000000-0x000000001ffeffff]
[    0.000000]   Normal   empty
[    0.000000]   Device   empty
[    0.000000] Movable zone start for each node
[    0.000000] Early memory node ranges
[    0.000000]   node   0: [mem 0x0000000000001000-0x000000000009efff]
[    0.000000]   node   0: [mem 0x0000000000100000-0x000000001ffeffff]
[    0.000000] Initmem setup node 0 [mem 0x0000000000001000-0x000000001ffeffff]
[    0.000000] ACPI: PM-Timer IO Port: 0x4008
[    0.000000] IOAPIC[0]: apic_id 1, version 32, address 0xfec00000, GSI 0-23
[    0.000000] ACPI: INT_SRC_OVR (bus 0 bus_irq 0 global_irq 2 dfl dfl)
[    0.000000] ACPI: INT_SRC_OVR (bus 0 bus_irq 9 global_irq 9 low level)
[    0.000000] Using ACPI (MADT) for SMP configuration information
[    0.000000] smpboot: Allowing 1 CPUs, 0 hotplug CPUs
[    0.000000] PM: Registered nosave memory: [mem 0x00000000-0x00000fff]
[    0.000000] PM: Registered nosave memory: [mem 0x0009f000-0x0009ffff]
[    0.000000] PM: Registered nosave memory: [mem 0x000a0000-0x000effff]
[    0.000000] PM: Registered nosave memory: [mem 0x000f0000-0x000fffff]
[    0.000000] e820: [mem 0x20000000-0xfebfffff] available for PCI devices
[    0.000000] Booting paravirtualized kernel on KVM
[    0.000000] clocksource: refined-jiffies: mask: 0xffffffff max_cycles: 0xffffffff, max_idle_ns: 7645519600211568 ns
[    0.000000] setup_percpu: NR_CPUS:512 nr_cpumask_bits:512 nr_cpu_ids:1 nr_node_ids:1
[    0.000000] PERCPU: Embedded 34 pages/cpu @ffff88001fc00000 s99544 r8192 d31528 u2097152
[    0.000000] Built 1 zonelists in Node order, mobility grouping on.  Total pages: 128888
[    0.000000] Policy zone: DMA32
[    0.000000] Kernel command line: BOOT_IMAGE=/boot/vmlinuz-4.4.0-166-generic root=LABEL=cloudimg-rootfs ro console=tty1 console=ttyS0
[    0.000000] PID hash table entries: 2048 (order: 2, 16384 bytes)
[    0.000000] Memory: 481768K/523832K available (8623K kernel code, 1336K rwdata, 4036K rodata, 1488K init, 1288K bss, 42064K reserved, 0K cma-reserved)
[    0.000000] SLUB: HWalign=64, Order=0-3, MinObjects=0, CPUs=1, Nodes=1
[    0.000000] Kernel/User page tables isolation: enabled
[    0.000000] Hierarchical RCU implementation.
[    0.000000] 	Build-time adjustment of leaf fanout to 64.
[    0.000000] 	RCU restricting CPUs from NR_CPUS=512 to nr_cpu_ids=1.
[    0.000000] RCU: Adjusting geometry for rcu_fanout_leaf=64, nr_cpu_ids=1
[    0.000000] NR_IRQS:33024 nr_irqs:256 16
[    0.000000] Console: colour VGA+ 80x25
[    0.000000] console [tty1] enabled
[    0.000000] console [ttyS0] enabled
[    0.000000] tsc: Detected 1512.000 MHz processor
[    0.241510] Calibrating delay loop (skipped) preset value.. 3024.00 BogoMIPS (lpj=6048000)
[    0.244647] pid_max: default: 32768 minimum: 301
[    0.246330] ACPI: Core revision 20150930
[    0.250538] ACPI: 2 ACPI AML tables successfully acquired and loaded
[    0.253091] Security Framework initialized
[    0.254688] Yama: becoming mindful.
[    0.256131] AppArmor: AppArmor initialized
[    0.257918] Dentry cache hash table entries: 65536 (order: 7, 524288 bytes)
[    0.260408] Inode-cache hash table entries: 32768 (order: 6, 262144 bytes)
[    0.263008] Mount-cache hash table entries: 1024 (order: 1, 8192 bytes)
[    0.265987] Mountpoint-cache hash table entries: 1024 (order: 1, 8192 bytes)
[    0.268705] Initializing cgroup subsys io
[    0.270273] Initializing cgroup subsys memory
[    0.272016] Initializing cgroup subsys devices
[    0.273802] Initializing cgroup subsys freezer
[    0.275511] Initializing cgroup subsys net_cls
[    0.277228] Initializing cgroup subsys perf_event
[    0.278940] Initializing cgroup subsys net_prio
[    0.280613] Initializing cgroup subsys hugetlb
[    0.282430] Initializing cgroup subsys pids
[    0.285584] mce: CPU supports 0 MCE banks
[    0.287272] process: using mwait in idle threads
[    0.289130] Last level iTLB entries: 4KB 64, 2MB 8, 4MB 8
[    0.291118] Last level dTLB entries: 4KB 64, 2MB 0, 4MB 0, 1GB 4
[    0.293340] Spectre V1 : Mitigation: usercopy/swapgs barriers and __user pointer sanitization
[    0.296776] Spectre V2 : Mitigation: Full generic retpoline
[    0.298727] Spectre V2 : Spectre v2 / SpectreRSB mitigation: Filling RSB on context switch
[    0.301802] Speculative Store Bypass: Vulnerable
[    0.303626] MDS: Mitigation: Clear CPU buffers
[    0.351641] Freeing SMP alternatives memory: 36K
[    0.363813] ftrace: allocating 32296 entries in 127 pages
[    0.468488] smpboot: APIC(0) Converting physical 0 to logical package 0
[    0.470799] smpboot: Max logical packages: 1
[    0.472815] x2apic enabled
[    0.474383] Switched APIC routing to physical x2apic.
[    0.478181] ..TIMER: vector=0x30 apic1=0 pin1=2 apic2=-1 pin2=-1
[    0.588447] smpboot: CPU0: Intel(R) Core(TM) m3-6Y30 CPU @ 0.90GHz (family: 0x6, model: 0x4e, stepping: 0x3)
[    0.592328] Performance Events: unsupported p6 CPU model 78 no PMU driver, software events only.
[    0.613907] KVM setup paravirtual spinlock
[    0.616362] x86: Booted up 1 node, 1 CPUs
[    0.617853] smpboot: Total of 1 processors activated (3024.00 BogoMIPS)
[    0.620428] devtmpfs: initialized
[    0.623989] evm: security.selinux
[    0.625422] evm: security.SMACK64
[    0.626790] evm: security.SMACK64EXEC
[    0.628238] evm: security.SMACK64TRANSMUTE
[    0.629881] evm: security.SMACK64MMAP
[    0.631271] evm: security.ima
[    0.632523] evm: security.capability
[    0.634150] clocksource: jiffies: mask: 0xffffffff max_cycles: 0xffffffff, max_idle_ns: 7645041785100000 ns
[    0.637580] futex hash table entries: 256 (order: 2, 16384 bytes)
[    0.639776] pinctrl core: initialized pinctrl subsystem
[    0.641804] RTC time:  5:03:25, date: 12/02/19
[    0.643593] NET: Registered protocol family 16
[    0.645409] cpuidle: using governor ladder
[    0.647135] cpuidle: using governor menu
[    0.648617] PCCT header not found.
[    0.650126] ACPI: bus type PCI registered
[    0.651686] acpiphp: ACPI Hot Plug PCI Controller Driver version: 0.5
[    0.654084] PCI: Using configuration type 1 for base access
[    0.662074] ACPI: Added _OSI(Module Device)
[    0.664281] ACPI: Added _OSI(Processor Device)
[    0.666374] ACPI: Added _OSI(3.0 _SCP Extensions)
[    0.668235] ACPI: Added _OSI(Processor Aggregator Device)
[    0.671183] ACPI: Executed 1 blocks of module-level executable AML code
[    0.677459] ACPI: Interpreter enabled
[    0.678945] ACPI: (supports S0 S5)
[    0.680275] ACPI: Using IOAPIC for interrupt routing
[    0.682419] PCI: Using host bridge windows from ACPI; if necessary, use "pci=nocrs" and report a bug
[    0.692077] ACPI: PCI Root Bridge [PCI0] (domain 0000 [bus 00-ff])
[    0.694382] acpi PNP0A03:00: _OSC: OS supports [ASPM ClockPM Segments MSI]
[    0.697299] acpi PNP0A03:00: _OSC: not requesting OS control; OS requires [ExtendedConfig ASPM ClockPM MSI]
[    0.700814] acpi PNP0A03:00: fail to add MMCONFIG information, can't access extended PCI configuration space under this bridge.
[    0.705103] PCI host bridge to bus 0000:00
[    0.706633] pci_bus 0000:00: root bus resource [io  0x0000-0x0cf7 window]
[    0.708886] pci_bus 0000:00: root bus resource [io  0x0d00-0xffff window]
[    0.711290] pci_bus 0000:00: root bus resource [mem 0x000a0000-0x000bffff window]
[    0.714201] pci_bus 0000:00: root bus resource [mem 0x20000000-0xfdffffff window]
[    0.716879] pci_bus 0000:00: root bus resource [bus 00-ff]
[    0.722178] pci 0000:00:01.1: legacy IDE quirk: reg 0x10: [io  0x01f0-0x01f7]
[    0.724670] pci 0000:00:01.1: legacy IDE quirk: reg 0x14: [io  0x03f6]
[    0.726813] pci 0000:00:01.1: legacy IDE quirk: reg 0x18: [io  0x0170-0x0177]
[    0.729294] pci 0000:00:01.1: legacy IDE quirk: reg 0x1c: [io  0x0376]
[    0.747515] pci 0000:00:07.0: quirk: [io  0x4000-0x403f] claimed by PIIX4 ACPI
[    0.765493] pci 0000:00:07.0: quirk: [io  0x4100-0x410f] claimed by PIIX4 SMB
[    0.773366] ACPI: PCI Interrupt Link [LNKA] (IRQs 5 9 10 *11)
[    0.776704] ACPI: PCI Interrupt Link [LNKB] (IRQs 5 9 *10 11)
[    0.779882] ACPI: PCI Interrupt Link [LNKC] (IRQs 5 *9 10 11)
[    0.783120] ACPI: PCI Interrupt Link [LNKD] (IRQs 5 9 10 *11)
[    0.786750] ACPI: Enabled 2 GPEs in block 00 to 07
[    0.790261] vgaarb: setting as boot device: PCI:0000:00:02.0
[    0.793467] vgaarb: device added: PCI:0000:00:02.0,decodes=io+mem,owns=io+mem,locks=none
[    0.798200] vgaarb: loaded
[    0.799911] vgaarb: bridge control possible 0000:00:02.0
[    0.803348] SCSI subsystem initialized
[    0.805750] ACPI: bus type USB registered
[    0.808160] usbcore: registered new interface driver usbfs
[    0.811278] usbcore: registered new interface driver hub
[    0.814299] usbcore: registered new device driver usb
[    0.817756] PCI: Using ACPI for IRQ routing
[    0.821726] NetLabel: Initializing
[    0.824522] NetLabel:  domain hash size = 128
[    0.827930] NetLabel:  protocols = UNLABELED CIPSOv4
[    0.830976] NetLabel:  unlabeled traffic allowed by default
[    0.833505] amd_nb: Cannot enumerate AMD northbridges
[    0.835361] clocksource: Switched to clocksource kvm-clock
[    0.858152] AppArmor: AppArmor Filesystem Enabled
[    0.860793] pnp: PnP ACPI init
[    0.864812] pnp: PnP ACPI: found 3 devices
[    0.874696] clocksource: acpi_pm: mask: 0xffffff max_cycles: 0xffffff, max_idle_ns: 2085701024 ns
[    0.878856] NET: Registered protocol family 2
[    0.881048] TCP established hash table entries: 4096 (order: 3, 32768 bytes)
[    0.883851] TCP bind hash table entries: 4096 (order: 4, 65536 bytes)
[    0.887086] TCP: Hash tables configured (established 4096 bind 4096)
[    0.890990] UDP hash table entries: 256 (order: 1, 8192 bytes)
[    0.894730] UDP-Lite hash table entries: 256 (order: 1, 8192 bytes)
[    0.897827] NET: Registered protocol family 1
[    0.900419] pci 0000:00:00.0: Limiting direct PCI/PCI transfers
[    0.904019] pci 0000:00:01.0: Activating ISA DMA hang workarounds
[    0.908757] Unpacking initramfs...
[    1.289632] Freeing initrd memory: 14836K
[    1.291723] clocksource: tsc: mask: 0xffffffffffffffff max_cycles: 0x15cb6aaa5cc, max_idle_ns: 440795251989 ns
[    1.295173] platform rtc_cmos: registered platform RTC device (no PNP device found)
[    1.298020] Scanning for low memory corruption every 60 seconds
[    1.300590] audit: initializing netlink subsys (disabled)
[    1.302580] audit: type=2000 audit(1575263011.195:1): initialized
[    1.305228] Initialise system trusted keyring
[    1.306949] HugeTLB registered 2 MB page size, pre-allocated 0 pages
[    1.311025] zbud: loaded
[    1.312894] VFS: Disk quotas dquot_6.6.0
[    1.314534] VFS: Dquot-cache hash table entries: 512 (order 0, 4096 bytes)
[    1.317312] squashfs: version 4.0 (2009/01/31) Phillip Lougher
[    1.319588] fuse init (API version 7.23)
[    1.321313] Key type big_key registered
[    1.322793] Allocating IMA MOK and blacklist keyrings.
[    1.325023] Key type asymmetric registered
[    1.326653] Asymmetric key parser 'x509' registered
[    1.328628] Block layer SCSI generic (bsg) driver version 0.4 loaded (major 249)
[    1.331464] io scheduler noop registered
[    1.333145] io scheduler deadline registered (default)
[    1.334974] io scheduler cfq registered
[    1.336696] pci_hotplug: PCI Hot Plug PCI Core version: 0.5
[    1.338641] pciehp: PCI Express Hot Plug Controller Driver version: 0.4
[    1.341108] ACPI: AC Adapter [AC] (on-line)
[    1.342751] input: Power Button as /devices/LNXSYSTM:00/LNXPWRBN:00/input/input0
[    1.345729] ACPI: Power Button [PWRF]
[    1.347220] input: Sleep Button as /devices/LNXSYSTM:00/LNXSLPBN:00/input/input1
[    1.349983] ACPI: Sleep Button [SLPF]
[    1.352795] ACPI: Battery Slot [BAT0] (battery present)
[    1.354708] GHES: HEST is not enabled!
[    1.356729] Serial: 8250/16550 driver, 32 ports, IRQ sharing enabled
[    1.379902] 00:02: ttyS0 at I/O 0x3f8 (irq = 4, base_baud = 115200) is a 16550A
[    1.384103] Linux agpgart interface v0.103
[    1.387168] loop: module loaded
[    1.393729] scsi host0: ata_piix
[    1.395148] scsi host1: ata_piix
[    1.396590] ata1: PATA max UDMA/33 cmd 0x1f0 ctl 0x3f6 bmdma 0xd000 irq 14
[    1.399198] ata2: PATA max UDMA/33 cmd 0x170 ctl 0x376 bmdma 0xd008 irq 15
[    1.402564] libphy: Fixed MDIO Bus: probed
[    1.404174] tun: Universal TUN/TAP device driver, 1.6
[    1.406223] tun: (C) 1999-2004 Max Krasnyansky <maxk@qualcomm.com>
[    1.408388] PPP generic driver version 2.4.2
[    1.410808] ehci_hcd: USB 2.0 'Enhanced' Host Controller (EHCI) Driver
[    1.413010] ehci-pci: EHCI PCI platform driver
[    1.414736] ehci-platform: EHCI generic platform driver
[    1.416749] ohci_hcd: USB 1.1 'Open' Host Controller (OHCI) Driver
[    1.419095] ohci-pci: OHCI PCI platform driver
[    1.420928] ohci-platform: OHCI generic platform driver
[    1.422953] uhci_hcd: USB Universal Host Controller Interface driver
[    1.425303] i8042: PNP: PS/2 Controller [PNP0303:PS2K,PNP0f03:PS2M] at 0x60,0x64 irq 1,12
[    1.428849] serio: i8042 KBD port at 0x60,0x64 irq 1
[    1.430771] serio: i8042 AUX port at 0x60,0x64 irq 12
[    1.432816] mousedev: PS/2 mouse device common for all mice
[    1.435401] input: AT Translated Set 2 keyboard as /devices/platform/i8042/serio0/input/input2
[    1.438942] rtc_cmos rtc_cmos: rtc core: registered rtc_cmos as rtc0
[    1.441565] rtc_cmos rtc_cmos: alarms up to one day, 114 bytes nvram
[    1.443772] i2c /dev entries driver
[    1.445278] device-mapper: uevent: version 1.0.3
[    1.447068] device-mapper: ioctl: 4.34.0-ioctl (2015-10-28) initialised: dm-devel@redhat.com
[    1.450256] ledtrig-cpu: registered to indicate activity on CPUs
[    1.452743] NET: Registered protocol family 10
[    1.454571] NET: Registered protocol family 17
[    1.456372] Key type dns_resolver registered
[    1.458287] registered taskstats version 1
[    1.459940] Loading compiled-in X.509 certificates
[    1.462572] Loaded X.509 cert 'Build time autogenerated kernel key: 75bc1b51278a37d3abb49bab6b1b0161a6cc9ec0'
[    1.466046] zswap: loaded using pool lzo/zbud
[    1.469859] Key type trusted registered
[    1.475267] Key type encrypted registered
[    1.476931] AppArmor: AppArmor sha1 policy hashing enabled
[    1.478822] ima: No TPM chip found, activating TPM-bypass!
[    1.481033] ima: Allocated hash algorithm: sha1
[    1.483066] evm: HMAC attrs: 0x1
[    1.484783]   Magic number: 15:227:61
[    1.486353] rtc_cmos rtc_cmos: setting system clock to 2019-12-02 05:03:26 UTC (1575263006)
[    1.489480] BIOS EDD facility v0.16 2004-Jun-25, 0 devices found
[    1.491516] EDD information not available.
[    1.558382] Freeing unused kernel memory: 1488K
[    1.561792] Write protecting the kernel read-only data: 14336k
[    1.567084] Freeing unused kernel memory: 1604K
[    1.570974] Freeing unused kernel memory: 60K
Loading, please wait...
starting version 229
[    1.595104] random: udevadm: uninitialized urandom read (16 bytes read, 5 bits of entropy available)
[    1.598973] random: systemd-udevd: uninitialized urandom read (16 bytes read, 5 bits of entropy available)
[    1.602523] random: systemd-udevd: uninitialized urandom read (16 bytes read, 5 bits of entropy available)
[    1.606052] random: udevadm: uninitialized urandom read (16 bytes read, 5 bits of entropy available)
[    1.609506] random: systemd-udevd: uninitialized urandom read (16 bytes read, 5 bits of entropy available)
[    1.618807] random: systemd-udevd: uninitialized urandom read (16 bytes read, 5 bits of entropy available)
[    1.630852] random: systemd-udevd: uninitialized urandom read (16 bytes read, 5 bits of entropy available)
[    1.635515] random: systemd-udevd: uninitialized urandom read (16 bytes read, 5 bits of entropy available)
[    1.638967] random: systemd-udevd: uninitialized urandom read (16 bytes read, 5 bits of entropy available)
[    1.645612] random: udevadm: uninitialized urandom read (16 bytes read, 5 bits of entropy available)
[    1.739693] e1000: Intel(R) PRO/1000 Network Driver - version 7.3.21-k8-NAPI
[    1.742543] e1000: Copyright (c) 1999-2006 Intel Corporation.
[    1.748682] Fusion MPT base driver 3.04.20
[    1.750348] Copyright (c) 1999-2008 LSI Corporation
[    1.775141] Fusion MPT SPI Host driver 3.04.20
[    1.815154] AVX2 version of gcm_enc/dec engaged.
[    1.817012] AES CTR mode by8 optimization enabled
[    1.972330] input: ImExPS/2 Generic Explorer Mouse as /devices/platform/i8042/serio1/input/input4
[    2.274759] e1000 0000:00:03.0 eth0: (PCI:33MHz:32-bit) 02:95:cf:22:ea:76
[    2.277175] e1000 0000:00:03.0 eth0: Intel(R) PRO/1000 Network Connection
[    2.281514] e1000 0000:00:03.0 enp0s3: renamed from eth0
[    2.285153] mptbase: ioc0: Initiating bringup
[    2.347986] ioc0: LSI53C1030 A0: Capabilities={Initiator}
[    2.521836] scsi host2: ioc0: LSI53C1030 A0, FwRev=00000000h, Ports=1, MaxQ=256, IRQ=20
[    2.641435] scsi 2:0:0:0: Direct-Access     VBOX     HARDDISK         1.0  PQ: 0 ANSI: 5
[    2.649073] scsi target2:0:0: Beginning Domain Validation
[    2.658992] scsi target2:0:0: Domain Validation skipping write tests
[    2.661915] scsi target2:0:0: Ending Domain Validation
[    2.664490] scsi target2:0:0: asynchronous
[    2.667394] scsi 2:0:1:0: Direct-Access     VBOX     HARDDISK         1.0  PQ: 0 ANSI: 5
[    2.670343] scsi target2:0:1: Beginning Domain Validation
[    2.674786] scsi target2:0:1: Domain Validation skipping write tests
[    2.677114] scsi target2:0:1: Ending Domain Validation
[    2.679039] scsi target2:0:1: asynchronous
[    2.686791] sd 2:0:0:0: Attached scsi generic sg0 type 0
[    2.703790] sd 2:0:0:0: [sda] 20971520 512-byte logical blocks: (10.7 GB/10.0 GiB)
[    2.707150] sd 2:0:0:0: [sda] Write Protect is off
[    2.709481] sd 2:0:0:0: [sda] Incomplete mode parameter data
[    2.711446] sd 2:0:0:0: [sda] Assuming drive cache: write through
[    2.714142] sd 2:0:1:0: [sdb] 20480 512-byte logical blocks: (10.5 MB/10.0 MiB)
[    2.717337] sd 2:0:1:0: Attached scsi generic sg1 type 0
[    2.719244] sd 2:0:1:0: [sdb] Write Protect is off
[    2.721475] sd 2:0:1:0: [sdb] Incomplete mode parameter data
[    2.723615] sd 2:0:1:0: [sdb] Assuming drive cache: write through
[    2.729955]  sda: sda1
[    2.733611] sd 2:0:0:0: [sda] Attached SCSI disk
[    2.735554] sd 2:0:1:0: [sdb] Attached SCSI disk
Begin: Loading essential drivers ... [    4.339894] md: linear personality registered for level -1
[    4.348443] md: multipath personality registered for level -4
[    4.355120] md: raid0 personality registered for level 0
[    4.365403] md: raid1 personality registered for level 1
[    4.443579] raid6: sse2x1   gen()  6489 MB/s
[    4.511417] raid6: sse2x1   xor()  5320 MB/s
[    4.579410] raid6: sse2x2   gen()  7291 MB/s
[    4.647599] raid6: sse2x2   xor()  5837 MB/s
[    4.715405] raid6: sse2x4   gen()  9356 MB/s
[    4.783709] raid6: sse2x4   xor()  6845 MB/s
[    4.851551] raid6: avx2x1   gen() 14067 MB/s
[    4.919877] raid6: avx2x2   gen() 15846 MB/s
[    4.987671] raid6: avx2x4   gen() 18000 MB/s
[    4.989782] raid6: using algorithm avx2x4 gen() 18000 MB/s
[    4.991752] raid6: using avx2x2 recovery algorithm
[    4.995938] xor: automatically using best checksumming function:
[    5.035444]    avx       : 14887.000 MB/sec
[    5.040079] async_tx: api initialized (async)
[    5.058419] md: raid6 personality registered for level 6
[    5.060420] md: raid5 personality registered for level 5
[    5.062313] md: raid4 personality registered for level 4
[    5.072881] md: raid10 personality registered for level 10
done.
Begin: Running /scripts/init-premount ... done.
Begin: Mounting root file system ... Begin: Running /scripts/local-top ... done.
Begin: Running /scripts/local-premount ... [    5.127675] Btrfs loaded
Scanning for Btrfs filesystems
done.
Warning: fsck not present, so skipping root file system
[    5.174767] EXT4-fs (sda1): mounted filesystem with ordered data mode. Opts: (null)
done.
Begin: Running /scripts/local-bottom ... done.
Begin: Running /scripts/init-bottom ... done.
[    5.307968] systemd[1]: systemd 229 running in system mode. (+PAM +AUDIT +SELINUX +IMA +APPARMOR +SMACK +SYSVINIT +UTMP +LIBCRYPTSETUP +GCRYPT +GNUTLS +ACL +XZ -LZ4 +SECCOMP +BLKID +ELFUTILS +KMOD -IDN)
[    5.313935] systemd[1]: Detected virtualization oracle.
[    5.315960] systemd[1]: Detected architecture x86-64.

Welcome to [1mUbuntu 16.04.6 LTS[0m!

[    5.322639] systemd[1]: Set hostname to <ubuntu>.
[    5.329894] systemd[1]: Initializing machine ID from random generator.
[    5.332132] systemd[1]: Installed transient /etc/machine-id file.
[    5.570675] systemd[1]: Listening on udev Kernel Socket.
[[0;32m  OK  [0m] Listening on udev Kernel Socket.
[    5.574771] systemd[1]: Started Forward Password Requests to Wall Directory Watch.
[[0;32m  OK  [0m] Started Forward Password Requests to Wall Directory Watch.
[    5.579976] systemd[1]: Listening on Device-mapper event daemon FIFOs.
[[0;32m  OK  [0m] Listening on Device-mapper event daemon FIFOs.
[    5.584407] systemd[1]: Reached target System Time Synchronized.
[[0;32m  OK  [0m] Reached target System Time Synchronized.
[    5.588440] systemd[1]: Listening on Journal Socket (/dev/log).
[[0;32m  OK  [0m] Listening on Journal Socket (/dev/log).
[    5.592798] systemd[1]: Created slice System Slice.
[[0;32m  OK  [0m] Created slice System Slice.
[    5.596607] systemd[1]: Created slice system-serial\x2dgetty.slice.
[[0;32m  OK  [0m] Created slice system-serial\x2dgetty.slice.
[    5.600832] systemd[1]: Listening on LVM2 metadata daemon socket.
[[0;32m  OK  [0m] Listening on LVM2 metadata daemon socket.
[    5.605051] systemd[1]: Reached target User and Group Name Lookups.
[[0;32m  OK  [0m] Reached target User and Group Name Lookups.
[    5.609206] systemd[1]: Listening on Journal Audit Socket.
[[0;32m  OK  [0m] Listening on Journal Audit Socket.
[    5.612933] systemd[1]: Listening on udev Control Socket.
[[0;32m  OK  [0m] Listening on udev Control Socket.
[    5.616079] systemd[1]: Reached target Swap.
[[0;32m  OK  [0m] Reached target Swap.
[    5.618716] systemd[1]: Reached target Encrypted Volumes.
[[0;32m  OK  [0m] Reached target Encrypted Volumes.
[    5.622029] systemd[1]: Set up automount Arbitrary Executable File Formats File System Automount Point.
[[0;32m  OK  [0m] Set up automount Arbitrary Executab...ats File System Automount Point.
[    5.627331] systemd[1]: Listening on LVM2 poll daemon socket.
[[0;32m  OK  [0m] Listening on LVM2 poll daemon socket.
[    5.635878] systemd[1]: Listening on Syslog Socket.
[[0;32m  OK  [0m] Listening on Syslog Socket.
[    5.642230] systemd[1]: Listening on Journal Socket.
[[0;32m  OK  [0m] Listening on Journal Socket.
[    5.648050] systemd[1]: Starting Set console keymap...
         Starting Set console keymap...
[    5.657419] systemd[1]: Starting Load Kernel Modules...
         Starting Load Kernel Modules...
[    5.672564] systemd[1]: Starting Nameserver information manager...
         Starting Nameserver information manager...
[    5.682991] systemd[1]: Starting Monitoring of LVM2 mirrors, snapshots etc. using dmeventd or progress polling...
[    5.691469] Loading iSCSI transport class v2.0-870.
         Starting Monitoring of LVM2 mirrors... dmeventd or progress polling...
[    5.700503] systemd[1]: Mounting Debug File System...
         Mounting Debug File System...
[    5.709321] systemd[1]: Mounting Huge Pages File System...
         Mounting Huge Pages File System...
[    5.724891] systemd[1]: Starting Uncomplicated firewall...
         Starting Uncomplicated firewall...
[    5.734424] systemd[1]: Starting Journal Service...
         Starting Journal Service...
[    5.752604] systemd[1]: Mounting POSIX Message Queue File System...
         Mounting POSIX Message Queue File System...
[    5.765010] systemd[1]: Starting Remount Root and Kernel File Systems...
[    5.768384] iscsi: registered transport (tcp)
         Starting Remount Root and Kernel File Systems...
[    5.781077] systemd[1]: Starting Create list of required static device nodes for the current kernel...
[    5.790892] EXT4-fs (sda1): re-mounted. Opts: (null)
         Starting Create list of required st... nodes for the current kernel...
[    5.799798] systemd[1]: Listening on /dev/initctl Compatibility Named Pipe.
[[0;32m  OK  [0m] Listening on /dev/initctl Compatibility Named Pipe.
[    5.803993] systemd[1]: Created slice User and Session Slice.
[[0;32m  OK  [0m] Created slice User and Session Slice.
[    5.812564] systemd[1]: Reached target Slices.
[[0;32m  OK  [0m] Reached target Slices.
[    5.819849] systemd[1]: Started Trigger resolvconf update for networkd DNS.
[[0;32m  OK  [0m] Started Trigger resolvconf update for networkd DNS.
[    5.826259] systemd[1]: Mounted POSIX Message Queue File System.
[[0;32m  OK  [0m] Mounted POSIX Message Queue File System.
[    5.831047] systemd[1]: Mounted Huge Pages File System.
[[0;32m  OK  [0m] Mounted Huge Pages File System.
[    5.838121] systemd[1]: Mounted Debug File System.
[[0;32m  OK  [0m] Mounted Debug File System.
[    5.845967] systemd[1]: Started Uncomplicated firewall.
[[0;32m  OK  [0m] Started Uncomplicated firewall.
[    5.857895] systemd[1]: Started Remount Root and Kernel File Systems.
[[0;32m  OK  [0m] Started Remount Root and Kernel File Systems.
[    5.865778] systemd[1]: Started Create list of required static device nodes for the current kernel.
[[0;32m  OK  [0m] Started Create list of required sta...ce nodes for the current kernel.
[    5.877895] systemd[1]: Started Nameserver information manager.
[[0;32m  OK  [0m] Started Nameserver information manager.
[    5.927788] systemd[1]: Started Journal Service.
[[0;32m  OK  [0m] Started Journal Service.
[    6.001177] iscsi: registered transport (iser)
[[0;32m  OK  [0m] Started Load Kernel Modules.
         Starting Apply Kernel Variables...[    6.068524] random: nonblocking pool is initialized

         Mounting FUSE Control File System...
[[0;32m  OK  [0m] Started LVM2 metadata daemon.
         Starting Create Static Device Nodes in /dev...
         Starting Flush Journal to Persistent Storage...
         Starting udev Coldplug all Devices...
         Starting Load/Save Random Seed...
[[0;32m  OK  [0m] Mounted FUSE Control File System.
[[0;32m  OK  [0m] Started Apply Kernel Variables.
[[0;32m  OK  [0m] Started Load/Save Random Seed.
[[0;32m  OK  [0m] Started Create Static Device Nodes in /dev.
[[0;32m  OK  [0m] Started Flush Journal to Persistent Storage.
         Starting udev Kernel Device Manager...
[[0;32m  OK  [0m] Started Set console keymap.
[[0;32m  OK  [0m] Started udev Kernel Device Manager.
[[0;32m  OK  [0m] Started udev Coldplug all Devices.
[[0;32m  OK  [0m] Started Dispatch Password Requests to Console Directory Watch.
[[0;32m  OK  [0m] Started Monitoring of LVM2 mirrors,...ng dmeventd or progress polling.
[[0;32m  OK  [0m] Reached target Local File Systems (Pre).
[[0;32m  OK  [0m] Reached target Local File Systems.
         Starting Initial cloud-init job (pre-networking)...
         Starting Commit a transient machine-id on disk...
         Starting LSB: AppArmor initialization...
         Starting Create Volatile Files and Directories...
         Starting Set console font and keymap...
         Starting Tell Plymouth To Write Out Runtime Data...
[[0;32m  OK  [0m] Started Commit a transient machine-id on disk.
[[0;32m  OK  [0m] Started Tell Plymouth To Write Out Runtime Data.
[[0;32m  OK  [0m] Started Create Volatile Files and Directories.
         Starting Update UTMP about System Boot/Shutdown...
[[0;32m  OK  [0m] Started Update UTMP about System Boot/Shutdown.
[[0;32m  OK  [0m] Found device /dev/ttyS0.
[[0;32m  OK  [0m] Listening on Load/Save RF Kill Switch Status /dev/rfkill Watch.
[[0;32m  OK  [0m] Started Set console font and keymap.
[[0;32m  OK  [0m] Created slice system-getty.slice.
[   10.456644] cloud-init[478]: Cloud-init v. 19.2-36-g059d049c-0ubuntu2~16.04.1 running 'init-local' at Mon, 02 Dec 2019 05:03:34 +0000. Up 9.16 seconds.
[[0;32m  OK  [0m] Started Initial cloud-init job (pre-networking).
[[0;32m  OK  [0m] Reached target Network (Pre).
[[0;32m  OK  [0m] Started LSB: AppArmor initialization.
         Starting Raise network interfaces...
[[0;32m  OK  [0m] Started Raise network interfaces.
         Starting Initial cloud-init job (metadata service crawler)...
[[0;32m  OK  [0m] Reached target Network.
[   14.521379] cloud-init[934]: Cloud-init v. 19.2-36-g059d049c-0ubuntu2~16.04.1 running 'init' at Mon, 02 Dec 2019 05:03:38 +0000. Up 13.56 seconds.
[   14.524920] cloud-init[934]: ci-info: ++++++++++++++++++++++++++++++++++++++Net device info++++++++++++++++++++++++++++++++++++++
[   14.528170] cloud-init[934]: ci-info: +--------+------+----------------------------+---------------+--------+-------------------+
[   14.535541] cloud-init[934]: ci-info: | Device |  Up  |          Address           |      Mask     | Scope  |     Hw-Address    |
[   14.544439] cloud-init[934]: ci-info: +--------+------+----------------------------+---------------+--------+-------------------+
[   14.548267] cloud-init[934]: ci-info: | enp0s3 | True |         10.0.2.15          | 255.255.255.0 | global | 02:95:cf:22:ea:76 |
[   14.556678] cloud-init[934]: ci-info: | enp0s3 | True | fe80::95:cfff:fe22:ea76/64 |       .       |  link  | 02:95:cf:22:ea:76 |
[   14.564458] cloud-init[934]: ci-info: |   lo   | True |         127.0.0.1          |   255.0.0.0   |  host  |         .         |
[   14.568436] cloud-init[934]: ci-info: |   lo   | True |          ::1/128           |       .       |  host  |         .         |
[   14.572832] cloud-init[934]: ci-info: +--------+------+----------------------------+---------------+--------+-------------------+
[   14.575683] cloud-init[934]: ci-info: +++++++++++++++++++++++++++Route IPv4 info++++++++++++++++++++++++++++
[   14.580469] cloud-init[934]: ci-info: +-------+-------------+----------+---------------+-----------+-------+
[   14.588544] cloud-init[934]: ci-info: | Route | Destination | Gateway  |    Genmask    | Interface | Flags |
[   14.590820] cloud-init[934]: ci-info: +-------+-------------+----------+---------------+-----------+-------+
[   14.597094] cloud-init[934]: ci-info: |   0   |   0.0.0.0   | 10.0.2.2 |    0.0.0.0    |   enp0s3  |   UG  |
[   14.600509] cloud-init[934]: ci-info: |   1   |   10.0.2.0  | 0.0.0.0  | 255.255.255.0 |   enp0s3  |   U   |
[   14.608829] cloud-init[934]: ci-info: +-------+-------------+----------+---------------+-----------+-------+
[   14.611193] cloud-init[934]: ci-info: +++++++++++++++++++Route IPv6 info+++++++++++++++++++
[   14.616641] cloud-init[934]: ci-info: +-------+-------------+---------+-----------+-------+
[   14.624602] cloud-init[934]: ci-info: | Route | Destination | Gateway | Interface | Flags |
[   14.626500] cloud-init[934]: ci-info: +-------+-------------+---------+-----------+-------+
[   14.633158] cloud-init[934]: ci-info: |   0   |  fe80::/64  |    ::   |   enp0s3  |   U   |
[   14.640887] cloud-init[934]: ci-info: |   3   |   ff00::/8  |    ::   |   enp0s3  |   U   |
[   14.642805] cloud-init[934]: ci-info: +-------+-------------+---------+-----------+-------+
[   14.648845] cloud-init[934]: Generating public/private rsa key pair.
[   14.657420] cloud-init[934]: Your identification has been saved in /etc/ssh/ssh_host_rsa_key.
[   14.659512] cloud-init[934]: Your public key has been saved in /etc/ssh/ssh_host_rsa_key.pub.
[   14.661528] cloud-init[934]: The key fingerprint is:
[[0;32m  OK  [0m] Started Initial cloud-init job (metadata service crawler).
[   14.671485] cloud-init[934]: SHA256:Dj95asBqUaSlXAKe02Y5WMaKvychjTR+siEy9bUXpjA root@ubuntu-xenial
[   14.676533] cloud-init[934]: The key's randomart image is:
[   14.678067] cloud-init[934]: +---[RSA 2048]----+
[   14.679600] cloud-init[934]: |  .oo            |
[   14.688322] cloud-init[934]: | . *o.+          |
[[0;32m  OK  [0m] Reached target Network is Online.
         Starting iSCSI initiator daemon (iscsid)...
[[0;32m  OK  [0m] Reached target Cloud-config availability.
[[0;32m  OK  [0m] Reached target System Initialization.
[[0;32m  OK  [0m] Listening on UUID daemon activation socket.
         Starting LXD - unix socket.
[[0;32m  OK  [0m] Listening on D-Bus System Message Bus Socket.
[   14.691984] cloud-init[934]: | .=o*B           |
[[0;32m  OK  [0m] Started Message of the Day.
[[0;32m  OK  [0m] Started Daily apt download activities.
[[0;32m  OK  [0m] Started Daily apt upgrade and clean activities.
[[0;32m  OK  [0m] Listening on ACPID Listen Socket.
[[   14.717725] cloud-init[934]: |.oo+E.o o        |
[   14.733207] cloud-init[934]: |o=.. *.+S.       |
[   14.734131] cloud-init[934]: |*++.o =+..       |
[   14.735066] cloud-init[934]: |oo=o o o= .      |
[0;32m  OK  [0m] Started Daily Cleanup of Temporary Directories.
[[0;32m  OK  [0m] Reached target Timers.
         Starting Socket activation for snappy daemon.
[   14.740199] cloud-init[934]: | .o +   .+       |
[   14.746065] cloud-init[934]: |   +   ..        |
[   14.747715] [[0;32m  OK  [0m] Started ACPI Events Check.
[[0;32m  OK  [0m] Reached target Paths.
cloud-init[934]: +----[SHA256]-----+
[   14.752546] cloud-init[934]: Generating public/private dsa key pair.
[   14.756744] cloud-init[[0;32m  OK  [0m] Listening on LXD - unix socket.
[[0;32m  OK  [0m] Listening on Socket activation for snappy daemon.
[934]: Your identification has been saved in /etc/ssh/ssh_host_dsa_key.
[   14.765634] cloud-init[934]: Your public key has been saved in /etc/ssh/ssh_host_dsa_key.pub.[[0;32m  OK  [0m] Started iSCSI initiator daemon (iscsid).

[   14.778268] cloud-init[934]: The key fingerprint is:
[   14.779760] cloud-init[934]: SHA256:iiXo7a43QQraSBrbbZtl6ny4m1isMjpSJF/RSspHbJE root@ubuntu-xenial
[   14.787466] cloud-init[934]: The key's randomart image is:
[   14.791897] cloud-init[934]: +---[DSA 1024]----+
[   14.801371] cloud-init[934]: |   ..+           |
[   14.808359] cloud-init[934]: |    E .          |
[   14.816332] cloud-init[934]: | . = o           |
         Starting Login to default iSCSI targets...[   14.820429] cloud-init[934]: |+.+.=            |
[   14.821453] cloud-init[934]: |+@.*. . S        |
[   14.822589] cloud-init[934]: |=.*o++o.         |
[   14.823438] cloud-init[934]: | ...=O.          |

[[0;32m  OK  [0m] Reached target Sockets.
[[0;32m  OK  [0m] Reached target Basic System.
         Starting /etc/rc.local Compatibility...
[   14.829856] cloud-init[934]: |=  *B..          |
[   14.833065] cloud-init[934]: |+++=O=           |
         Starting Login Service...
[[0;32m  OK  [0m] Started ACPI event daemon.
         Starting LSB: MD monitoring daemon...
         Starting Virtualbox guest utils...[   14.836826] cloud-init[934]: +----[SHA256]-----+
[   14.852118] cloud-init[934]: Generating public/private ecdsa key pair.
[   14.854138] cloud-init[934]: Your identification has been saved in /etc/ssh/ssh_host_ecdsa_key.
[   14.855750] 
[[0;32m  OK  [0m] Started FUSE filesystem for LXC.
[[0;32m  OK  [0m] Started Deferred execution scheduler.
         Starting Pollinate to seed the pseudo random number generator...
         Starting Accounts Service...
         Starting LSB: Record successful boot for GRUB...
[[0;32m  OK  [0m] Started Regular background program processing daemon.
         Starting Snappy daemon...
         Starting System Logging Service...
         Starting LXD - container startup/shutdown...
[[0;32m  OK  [0m] Started D-Bus System Message Bus.
cloud-init[934]: Your public key has been saved in /etc/ssh/ssh_host_ecdsa_key.pub.
[   14.992398] cloud-init[934]: The key fingerprint is:
[   15.002090] cloud-init[934]: SHA256:BsebnWYpmpCEzlVsbcRuPL6sA8xCAOYCm22soy9aA3w root@ubuntu-xenial
[   15.017214] cloud-init[934]: The key's randomart image is:
[   15.027599] cloud-init[934]: +---[ECDSA 256]---+
[   15.035601] cloud-init[934]: |+.   ..+.        |
[   15.053245] cloud-init[934]: |== . .o.+        |
[   15.055223] cloud-init[934]: |+o= o..+o        |
[   15.067386] cloud-init[934]: |o=.o . o=+ o     |
[   15.079055] cloud-init[934]: |+ooEo  oS.*      |
[[0;32m  OK  [0m] Started System Logging Service.
[[0;32m  OK  [0m] Started /etc/rc.local Compatibility.
[   15.108999] cloud-init[934]: |.oo +. +.+       |
[   15.116733] cloud-init[934]: |. o. .o. .       |
[   15.126284] cloud-init[934]: |.o .  . o        |
[   15.153475] cloud-init[934]: |o..   .o         |
[   15.183600] cloud-init[934]: +----[SHA256]-----+
[   15.203411] cloud-init[934]: Generating public/private ed25519 key pair.
[   15.216335] cloud-init[934]: Your identification has been saved in /etc/ssh/ssh_host_ed25519_key.
[   15.242900] cloud-init[934]: Your public key has been saved in /etc/ssh/ssh_host_ed25519_key.pub.
[   15.278335] cloud-init[934]: [[0;32m  OK  [0m] Started Login to default iSCSI targets.
The key fingerprint is:
[   15.313381] cloud-init[934]: SHA256:5YVq06rTbYBuqG3s1xGEj4u7E75IEk6i9bTnT06bz/U root@ubuntu-xenial
[   15.320643] cloud-init[934]: The key's randomart image is:
[   15.349212] cloud-init[934]: +--[ED25519 256]--+
[   15.384712] [[0;32m  OK  [0m] Started LXD - container startup/shutdown.
cloud-init[934]: |       .         |
[[0;32m  OK  [0m] Started Login Service.
[[0;32m  OK  [0m] Started Unattended Upgrades Shutdown.
         Starting Authenticate and Authorize Users to Run Privileged Tasks...
[[0;32m  OK  [0m] Reached target Remote File Systems (Pre).
[[0;32m  OK  [0m] Reached target Remote File Systems.
         Starting LSB: Set the CPU Frequency Scaling governor to "ondemand"...
[   15.414636] cloud-init[934]: |      . .  .     |         Starting LSB: daemon to balance interrupts for SMP systems...
         Starting Permit User Sessions...
         Starting LSB: automatic crash report generation...
[[0;32m  OK  [0m] Started LSB: Record successful boot for GRUB.
[[0;32m  OK  [0m] Started Permit User Sessions.

[   15.497151] cloud-init[934]: |       +  o .    |
[[0;32m  OK  [0m] Started LSB: MD monitoring daemon.
[   15.577196] cloud-init[934]: |      . o= .     |
[   15.618567] cloud-init[934]: |o.. .. oS.o      |[[0;32m  OK  [0m] Started LSB: Set the CPU Frequency Scaling governor to "ondemand".
         Starting Hold until boot process finishes up...
         Starting Terminate Plymouth Boot Screen...
[[0;32m  OK  [0m] Started Hold until boot process finishes up.

[[0;32m  OK  [0m] Started Terminate Plymouth Boot Screen.
[[0;32m  OK  [0m] Started Authenticate and Authorize Users to Run Privileged Tasks.
[[0;32m  OK  [0m] Started Getty on tty1.
         Starting Set console scheme...
[   15.734435] cloud-init[934]: [[0;32m  OK  [0m] Started Serial Getty on ttyS0.
[[0;32m  OK  [0m] Reached target Login Prompts.
[[0;32m  OK  [0m] Started Set console scheme.
[[0;32m  OK  [0m] Started Accounts Service.
|=o oo.o.oo       |
[   15.779529] cloud-init[934]: |o..oo=.o++  .    |
[   15.797577] cloud-init[934]: | o oBo==o+o. .   |
[[0;32m  OK  [0m] Started LSB: daemon to balance interrupts for SMP systems.
[   15.830075] cloud-init[934]: |  o+=*oo=oo   E  |
[[0;32m  OK  [0m] Started LSB: automatic crash report generation.
[   15.842290] cloud-init[934]: +----[SHA256]-----+
[[0;32m  OK  [0m] Started Virtualbox guest utils.
[[0;32m  OK  [0m] Started Snappy daemon.
         Starting Wait until snapd is fully seeded...
[[0;32m  OK  [0m] Started Pollinate to seed the pseudo random number generator.
         Starting OpenBSD Secure Shell server...
[[0;32m  OK  [0m] Started OpenBSD Secure Shell server.
[[0;32m  OK  [0m] Started Wait until snapd is fully seeded.
         Starting Apply the settings specified in cloud-config...
[[0;32m  OK  [0m] Reached target Multi-User System.
[[0;32m  OK  [0m] Reached target Graphical Interface.
         Starting Update UTMP about System Runlevel Changes...
[[0;32m  OK  [0m] Started Update UTMP about System Runlevel Changes.
[   19.611244] cloud-init[1303]: Generating locales (this might take a while)...
[[0;32m  OK  [0m] Created slice User Slice of vagrant.
         Starting User Manager for UID 1000...
[[0;32m  OK  [0m] Started Session 1 of user vagrant.
[[0;32m  OK  [0m] Started User Manager for UID 1000.

Ubuntu 16.04.6 LTS ubuntu-xenial ttyS0

ubuntu-xenial login: [   23.547681] cloud-init[1303]:   en_US.UTF-8... done
[   23.550858] cloud-init[1303]: Generation complete.
[   24.626454] cloud-init[1303]: Cloud-init v. 19.2-36-g059d049c-0ubuntu2~16.04.1 running 'modules:config' at Mon, 02 Dec 2019 05:03:44 +0000. Up 19.40 seconds.
ci-info: no authorized ssh keys fingerprints found for user ubuntu.
<14>Dec  2 05:03:51 ec2: 
<14>Dec  2 05:03:51 ec2: #############################################################
<14>Dec  2 05:03:51 ec2: -----BEGIN SSH HOST KEY FINGERPRINTS-----
<14>Dec  2 05:03:51 ec2: 1024 SHA256:iiXo7a43QQraSBrbbZtl6ny4m1isMjpSJF/RSspHbJE root@ubuntu-xenial (DSA)
<14>Dec  2 05:03:51 ec2: 256 SHA256:BsebnWYpmpCEzlVsbcRuPL6sA8xCAOYCm22soy9aA3w root@ubuntu-xenial (ECDSA)
<14>Dec  2 05:03:51 ec2: 256 SHA256:5YVq06rTbYBuqG3s1xGEj4u7E75IEk6i9bTnT06bz/U root@ubuntu-xenial (ED25519)
<14>Dec  2 05:03:51 ec2: 2048 SHA256:Dj95asBqUaSlXAKe02Y5WMaKvychjTR+siEy9bUXpjA root@ubuntu-xenial (RSA)
<14>Dec  2 05:03:51 ec2: -----END SSH HOST KEY FINGERPRINTS-----
<14>Dec  2 05:03:51 ec2: #############################################################
-----BEGIN SSH HOST KEY KEYS-----
ecdsa-sha2-nistp256 AAAAE2VjZHNhLXNoYTItbmlzdHAyNTYAAAAIbmlzdHAyNTYAAABBBHSqkIKYkUC1m+Cj6MJd2Gu4VBkKUEcbOoXGzthRHE38PdN6dDWAkP2RAarDKYDu1MSRXRcoJXJ7N/h76UOstHY= root@ubuntu-xenial
ssh-ed25519 AAAAC3NzaC1lZDI1NTE5AAAAIOXx4CJkbfH69csIHsYH3F94GfQvq7KiPnTxAitljG70 root@ubuntu-xenial
ssh-rsa AAAAB3NzaC1yc2EAAAADAQABAAABAQCTY+e0b+sTCWQGnhJ4W1KN0Zra99gBpUZIf+LZyk/p7iz+VWLld1dFsh+jJONkRzuMPmarwDq1nY8wsp8S3J7yO4vsPo4JAOpChTBIqqQ4RBs/1nBYeCNUE5XdtK224hZRzlV5evFHKAOuNWasf+gXeAw5Oj/MduRPr/2RUT1F6tJVZ3zR9TbVTm/+W8BFmKLihlth7eGG2ayizRZPPaD0vstFyGDO++lTDm8WaH3EH6tAjD8VC1+Nz2X3n16K3Supo2Iqimf1Q0tfxkIH2isWXPlmA+vp7/8HPMddN98nQssqypoi5JpYB7cEEE+9Lh1AbHswzNrio7IGSGvhds8v root@ubuntu-xenial
-----END SSH HOST KEY KEYS-----
[   26.394529] cloud-init[1520]: Cloud-init v. 19.2-36-g059d049c-0ubuntu2~16.04.1 running 'modules:final' at Mon, 02 Dec 2019 05:03:51 +0000. Up 25.97 seconds.
[   26.408989] cloud-init[1520]: ci-info: no authorized ssh keys fingerprints found for user ubuntu.
[   26.417890] cloud-init[1520]: Cloud-init v. 19.2-36-g059d049c-0ubuntu2~16.04.1 finished at Mon, 02 Dec 2019 05:03:51 +0000. Datasource DataSourceNoCloud [seed=/dev/sdb][dsmode=net].  Up 26.37 seconds
[47208.240001] NMI watchdog: BUG: soft lockup - CPU#0 stuck for 38s! [apport:12286]
[60913.371374] INFO: rcu_sched self-detected stall on CPU
[60913.802612] 	0-...: (1 ticks this GP) idle=ab9/1/0 softirq=141446/141446 fqs=0 
[60914.200811] 	 (t=148649 jiffies g=58149 c=58148 q=7)
[60914.204841] rcu_sched kthread starved for 148649 jiffies! g58149 c58148 f0x0 s3 ->state=0x1
[60914.210232] INFO: rcu_sched self-detected stall on CPU
[60914.215381] 	0-...: (2 ticks this GP) idle=ab9/1/0 softirq=141446/141446 fqs=0 
[60914.219404] 	 (t=1798126 jiffies g=58149 c=58148 q=7)
[60914.222916] rcu_sched kthread starved for 1798126 jiffies! g58149 c58148 f0x0 s3 ->state=0x1
[60944.110111] NMI watchdog: BUG: soft lockup - CPU#0 stuck for 28s! [systemd-logind:18877]
[68537.593444] INFO: rcu_sched self-detected stall on CPU
[68537.890509] 	0-...: (1 ticks this GP) idle=c39/140000000000001/0 softirq=143862/143862 fqs=0 
[68537.893671] 	 (t=464544 jiffies g=59728 c=59727 q=23)
[68537.897439] rcu_sched kthread starved for 464544 jiffies! g59728 c59727 f0x0 s3 ->state=0x1
